2024-07-20 23:39:11,363 - ERROR - Error processing TreeCountData item: code. Error: 'str' object has no attribute 'get'
2024-07-20 23:39:11,365 - ERROR - Error processing TreeCountData item: status. Error: 'str' object has no attribute 'get'
2024-07-20 23:39:11,365 - ERROR - Error processing TreeCountData item: message. Error: 'str' object has no attribute 'get'
2024-07-20 23:39:11,366 - ERROR - Error processing TreeCountData item: data. Error: 'str' object has no attribute 'get'
2024-07-20 23:39:11,368 - ERROR - Error processing TreeCountData item: metadata. Error: 'str' object has no attribute 'get'
2024-07-20 23:39:11,368 - ERROR - Error processing TreeCountData item: metadata_filter. Error: 'str' object has no attribute 'get'
2024-07-20 23:39:11,369 - ERROR - Error processing TreeCountData item: pagination. Error: 'str' object has no attribute 'get'
2024-07-20 23:39:11,371 - ERROR - Error processing TreeCountData item: error. Error: 'str' object has no attribute 'get'
2024-07-20 23:39:11,373 - INFO - Tree Count Data loaded successfully
2024-07-20 23:39:11,374 - ERROR - Error processing ExpenditureData item: message. Error: 'str' object has no attribute 'get'
2024-07-20 23:39:11,376 - ERROR - Error processing ExpenditureData item: error. Error: 'str' object has no attribute 'get'
2024-07-20 23:39:11,377 - ERROR - Error processing ExpenditureData item: data. Error: 'str' object has no attribute 'get'
2024-07-20 23:39:11,378 - ERROR - Error processing ExpenditureData item: metadata. Error: 'str' object has no attribute 'get'
2024-07-20 23:39:11,379 - ERROR - Error processing ExpenditureData item: meta. Error: 'str' object has no attribute 'get'
2024-07-20 23:39:11,380 - ERROR - Error processing ExpenditureData item: metadata_filter. Error: 'str' object has no attribute 'get'
2024-07-20 23:39:11,381 - INFO - Expenditure Data loaded successfully
2024-07-20 23:39:11,382 - ERROR - Error processing InflationData item: message. Error: 'str' object has no attribute 'get'
2024-07-20 23:39:11,382 - ERROR - Error processing InflationData item: error. Error: 'str' object has no attribute 'get'
2024-07-20 23:39:11,383 - ERROR - Error processing InflationData item: data. Error: 'str' object has no attribute 'get'
2024-07-20 23:39:11,383 - ERROR - Error processing InflationData item: metadata. Error: 'str' object has no attribute 'get'
2024-07-20 23:39:11,384 - ERROR - Error processing InflationData item: meta. Error: 'str' object has no attribute 'get'
2024-07-20 23:39:11,385 - ERROR - Error processing InflationData item: metadata_filter. Error: 'str' object has no attribute 'get'
2024-07-20 23:39:11,386 - INFO - Inflation Data loaded successfully
2024-07-20 23:42:53,511 - ERROR - Error processing TreeCountData item: code. Error: 'str' object has no attribute 'get'
2024-07-20 23:42:53,512 - ERROR - Error processing TreeCountData item: status. Error: 'str' object has no attribute 'get'
2024-07-20 23:42:53,512 - ERROR - Error processing TreeCountData item: message. Error: 'str' object has no attribute 'get'
2024-07-20 23:42:53,512 - ERROR - Error processing TreeCountData item: data. Error: 'str' object has no attribute 'get'
2024-07-20 23:42:53,513 - ERROR - Error processing TreeCountData item: metadata. Error: 'str' object has no attribute 'get'
2024-07-20 23:42:53,513 - ERROR - Error processing TreeCountData item: metadata_filter. Error: 'str' object has no attribute 'get'
2024-07-20 23:42:53,513 - ERROR - Error processing TreeCountData item: pagination. Error: 'str' object has no attribute 'get'
2024-07-20 23:42:53,514 - ERROR - Error processing TreeCountData item: error. Error: 'str' object has no attribute 'get'
2024-07-20 23:42:53,515 - INFO - Tree Count Data loaded successfully
2024-07-20 23:42:53,516 - ERROR - Error processing ExpenditureData item: message. Error: 'str' object has no attribute 'get'
2024-07-20 23:42:53,517 - ERROR - Error processing ExpenditureData item: error. Error: 'str' object has no attribute 'get'
2024-07-20 23:42:53,518 - ERROR - Error processing ExpenditureData item: data. Error: 'str' object has no attribute 'get'
2024-07-20 23:42:53,518 - ERROR - Error processing ExpenditureData item: metadata. Error: 'str' object has no attribute 'get'
2024-07-20 23:42:53,519 - ERROR - Error processing ExpenditureData item: meta. Error: 'str' object has no attribute 'get'
2024-07-20 23:42:53,520 - ERROR - Error processing ExpenditureData item: metadata_filter. Error: 'str' object has no attribute 'get'
2024-07-20 23:42:53,521 - INFO - Expenditure Data loaded successfully
2024-07-20 23:42:53,522 - ERROR - Error processing InflationData item: message. Error: 'str' object has no attribute 'get'
2024-07-20 23:42:53,523 - ERROR - Error processing InflationData item: error. Error: 'str' object has no attribute 'get'
2024-07-20 23:42:53,524 - ERROR - Error processing InflationData item: data. Error: 'str' object has no attribute 'get'
2024-07-20 23:42:53,532 - ERROR - Error processing InflationData item: metadata. Error: 'str' object has no attribute 'get'
2024-07-20 23:42:53,533 - ERROR - Error processing InflationData item: meta. Error: 'str' object has no attribute 'get'
2024-07-20 23:42:53,534 - ERROR - Error processing InflationData item: metadata_filter. Error: 'str' object has no attribute 'get'
2024-07-20 23:42:53,535 - INFO - Inflation Data loaded successfully
